\BOOKMARK [0][-]{chapter.1}{\376\377\0001\000\040\000A\000G\000P\000U\000D\000M}{}% 1
\BOOKMARK [0][-]{chapter.2}{\376\377\0002\000\040\000H\000i\000e\000r\000a\000r\000c\000h\000i\000c\000a\000l\000\040\000I\000n\000d\000e\000x}{}% 2
\BOOKMARK [1][-]{section.2.1}{\376\377\0002\000.\0001\000\040\000C\000l\000a\000s\000s\000\040\000H\000i\000e\000r\000a\000r\000c\000h\000y}{chapter.2}% 3
\BOOKMARK [0][-]{chapter.3}{\376\377\0003\000\040\000C\000l\000a\000s\000s\000\040\000I\000n\000d\000e\000x}{}% 4
\BOOKMARK [1][-]{section.3.1}{\376\377\0003\000.\0001\000\040\000C\000l\000a\000s\000s\000\040\000L\000i\000s\000t}{chapter.3}% 5
\BOOKMARK [0][-]{chapter.4}{\376\377\0004\000\040\000F\000i\000l\000e\000\040\000I\000n\000d\000e\000x}{}% 6
\BOOKMARK [1][-]{section.4.1}{\376\377\0004\000.\0001\000\040\000F\000i\000l\000e\000\040\000L\000i\000s\000t}{chapter.4}% 7
\BOOKMARK [0][-]{chapter.5}{\376\377\0005\000\040\000C\000l\000a\000s\000s\000\040\000D\000o\000c\000u\000m\000e\000n\000t\000a\000t\000i\000o\000n}{}% 8
\BOOKMARK [1][-]{section.5.1}{\376\377\0005\000.\0001\000\040\000c\000o\000m\000.\000e\000x\000a\000m\000p\000l\000e\000.\000d\000m\000o\000c\000l\000.\000c\000a\000n\000c\000e\000l\000j\000o\000b\000s\000\040\000C\000l\000a\000s\000s\000\040\000R\000e\000f\000e\000r\000e\000n\000c\000e}{chapter.5}% 9
\BOOKMARK [1][-]{section.5.2}{\376\377\0005\000.\0002\000\040\000c\000o\000m\000.\000e\000x\000a\000m\000p\000l\000e\000.\000d\000m\000o\000c\000l\000.\000d\000a\000t\000a\000m\000i\000n\000i\000n\000g\000t\000a\000s\000k\000\040\000C\000l\000a\000s\000s\000\040\000R\000e\000f\000e\000r\000e\000n\000c\000e}{chapter.5}% 10
\BOOKMARK [1][-]{section.5.3}{\376\377\0005\000.\0003\000\040\000c\000o\000m\000.\000e\000x\000a\000m\000p\000l\000e\000.\000d\000m\000o\000c\000l\000.\000d\000b\000s\000c\000a\000n\000\040\000C\000l\000a\000s\000s\000\040\000R\000e\000f\000e\000r\000e\000n\000c\000e}{chapter.5}% 11
\BOOKMARK [1][-]{section.5.4}{\376\377\0005\000.\0004\000\040\000d\000b\000s\000c\000a\000n\000\137\000p\000t\000\040\000S\000t\000r\000u\000c\000t\000\040\000R\000e\000f\000e\000r\000e\000n\000c\000e}{chapter.5}% 12
\BOOKMARK [1][-]{section.5.5}{\376\377\0005\000.\0005\000\040\000c\000o\000m\000.\000e\000x\000a\000m\000p\000l\000e\000.\000d\000m\000o\000c\000l\000.\000i\000m\000m\000e\000d\000i\000a\000t\000e\000j\000o\000b\000s\000\040\000C\000l\000a\000s\000s\000\040\000R\000e\000f\000e\000r\000e\000n\000c\000e}{chapter.5}% 13
\BOOKMARK [1][-]{section.5.6}{\376\377\0005\000.\0006\000\040\000c\000o\000m\000.\000e\000x\000a\000m\000p\000l\000e\000.\000d\000m\000o\000c\000l\000.\000k\000m\000e\000a\000n\000s\000\040\000C\000l\000a\000s\000s\000\040\000R\000e\000f\000e\000r\000e\000n\000c\000e}{chapter.5}% 14
\BOOKMARK [1][-]{section.5.7}{\376\377\0005\000.\0007\000\040\000k\000m\000e\000a\000n\000s\000\137\000p\000t\000\040\000S\000t\000r\000u\000c\000t\000\040\000R\000e\000f\000e\000r\000e\000n\000c\000e}{chapter.5}% 15
\BOOKMARK [1][-]{section.5.8}{\376\377\0005\000.\0008\000\040\000c\000o\000m\000.\000e\000x\000a\000m\000p\000l\000e\000.\000d\000m\000o\000c\000l\000.\000L\000i\000n\000k\000T\000o\000F\000i\000l\000e\000\040\000C\000l\000a\000s\000s\000\040\000R\000e\000f\000e\000r\000e\000n\000c\000e}{chapter.5}% 16
\BOOKMARK [1][-]{section.5.9}{\376\377\0005\000.\0009\000\040\000c\000o\000m\000.\000e\000x\000a\000m\000p\000l\000e\000.\000d\000m\000o\000c\000l\000.\000M\000a\000i\000n\000A\000c\000t\000i\000v\000i\000t\000y\000\040\000C\000l\000a\000s\000s\000\040\000R\000e\000f\000e\000r\000e\000n\000c\000e}{chapter.5}% 17
\BOOKMARK [1][-]{section.5.10}{\376\377\0005\000.\0001\0000\000\040\000c\000o\000m\000.\000e\000x\000a\000m\000p\000l\000e\000.\000d\000m\000o\000c\000l\000.\000o\000c\000l\000w\000r\000a\000p\000.\000o\000c\000l\000i\000n\000f\000o\000r\000e\000t\000\040\000C\000l\000a\000s\000s\000\040\000R\000e\000f\000e\000r\000e\000n\000c\000e}{chapter.5}% 18
\BOOKMARK [1][-]{section.5.11}{\376\377\0005\000.\0001\0001\000\040\000c\000o\000m\000.\000e\000x\000a\000m\000p\000l\000e\000.\000d\000m\000o\000c\000l\000.\000o\000c\000l\000w\000r\000a\000p\000\040\000C\000l\000a\000s\000s\000\040\000R\000e\000f\000e\000r\000e\000n\000c\000e}{chapter.5}% 19
\BOOKMARK [2][-]{subsection.5.11.1}{\376\377\0005\000.\0001\0001\000.\0001\000\040\000D\000e\000t\000a\000i\000l\000e\000d\000\040\000D\000e\000s\000c\000r\000i\000p\000t\000i\000o\000n}{section.5.11}% 20
\BOOKMARK [2][-]{subsection.5.11.2}{\376\377\0005\000.\0001\0001\000.\0002\000\040\000M\000e\000m\000b\000e\000r\000\040\000F\000u\000n\000c\000t\000i\000o\000n\000\040\000D\000o\000c\000u\000m\000e\000n\000t\000a\000t\000i\000o\000n}{section.5.11}% 21
\BOOKMARK [3][-]{subsubsection.5.11.2.1}{\376\377\0005\000.\0001\0001\000.\0002\000.\0001\000\040\000A\000n\000d\000r\000C\000L\000G\000e\000t\000P\000l\000a\000t\000f\000o\000r\000m\000C\000n\000t\000\050\000\051}{subsection.5.11.2}% 22
\BOOKMARK [3][-]{subsubsection.5.11.2.2}{\376\377\0005\000.\0001\0001\000.\0002\000.\0002\000\040\000g\000e\000t\000A\000r\000c\000h\000i\000t\000e\000c\000t\000u\000r\000e\000\050\000\051}{subsection.5.11.2}% 23
\BOOKMARK [3][-]{subsubsection.5.11.2.3}{\376\377\0005\000.\0001\0001\000.\0002\000.\0003\000\040\000g\000e\000t\000O\000c\000l\000W\000r\000a\000p\000p\000e\000r\000\050\000\051}{subsection.5.11.2}% 24
\BOOKMARK [3][-]{subsubsection.5.11.2.4}{\376\377\0005\000.\0001\0001\000.\0002\000.\0004\000\040\000l\000o\000a\000d\000O\000p\000e\000n\000C\000L\000\050\000\051}{subsection.5.11.2}% 25
\BOOKMARK [3][-]{subsubsection.5.11.2.5}{\376\377\0005\000.\0001\0001\000.\0002\000.\0005\000\040\000u\000n\000l\000o\000a\000d\000O\000p\000e\000n\000C\000L\000\050\000\051}{subsection.5.11.2}% 26
\BOOKMARK [1][-]{section.5.12}{\376\377\0005\000.\0001\0002\000\040\000r\000w\000l\000o\000c\000k\000w\000p\000\040\000S\000t\000r\000u\000c\000t\000\040\000R\000e\000f\000e\000r\000e\000n\000c\000e}{chapter.5}% 27
\BOOKMARK [2][-]{subsection.5.12.1}{\376\377\0005\000.\0001\0002\000.\0001\000\040\000D\000e\000t\000a\000i\000l\000e\000d\000\040\000D\000e\000s\000c\000r\000i\000p\000t\000i\000o\000n}{section.5.12}% 28
\BOOKMARK [1][-]{section.5.13}{\376\377\0005\000.\0001\0003\000\040\000c\000o\000m\000.\000e\000x\000a\000m\000p\000l\000e\000.\000d\000m\000o\000c\000l\000.\000s\000u\000b\000m\000i\000t\000j\000o\000b\000s\000\040\000C\000l\000a\000s\000s\000\040\000R\000e\000f\000e\000r\000e\000n\000c\000e}{chapter.5}% 29
\BOOKMARK [0][-]{chapter.6}{\376\377\0006\000\040\000F\000i\000l\000e\000\040\000D\000o\000c\000u\000m\000e\000n\000t\000a\000t\000i\000o\000n}{}% 30
\BOOKMARK [1][-]{section.6.1}{\376\377\0006\000.\0001\000\040\000/\000h\000o\000m\000e\000/\000r\000o\000b\000e\000r\000t\000/\000A\000n\000d\000r\000o\000i\000d\000S\000t\000u\000d\000i\000o\000P\000r\000o\000j\000e\000c\000t\000s\000/\000D\000M\000G\000P\000U\000/\000a\000p\000p\000/\000s\000r\000c\000/\000C\000/\000i\000n\000c\000l\000u\000d\000e\000/\000A\000n\000d\000r\000o\000i\000d\000O\000p\000e\000n\000C\000L\000.\000h\000\040\000F\000i\000l\000e\000\040\000R\000e\000f\000e\000r\000e\000n\000c\000e}{chapter.6}% 31
\BOOKMARK [2][-]{subsection.6.1.1}{\376\377\0006\000.\0001\000.\0001\000\040\000D\000e\000t\000a\000i\000l\000e\000d\000\040\000D\000e\000s\000c\000r\000i\000p\000t\000i\000o\000n}{section.6.1}% 32
\BOOKMARK [2][-]{subsection.6.1.2}{\376\377\0006\000.\0001\000.\0002\000\040\000F\000u\000n\000c\000t\000i\000o\000n\000\040\000D\000o\000c\000u\000m\000e\000n\000t\000a\000t\000i\000o\000n}{section.6.1}% 33
\BOOKMARK [3][-]{subsubsection.6.1.2.1}{\376\377\0006\000.\0001\000.\0002\000.\0001\000\040\000l\000o\000a\000d\000O\000p\000e\000n\000C\000L\000\050\000\051}{subsection.6.1.2}% 34
\BOOKMARK [3][-]{subsubsection.6.1.2.2}{\376\377\0006\000.\0001\000.\0002\000.\0002\000\040\000u\000n\000l\000o\000a\000d\000O\000p\000e\000n\000C\000L\000\050\000\051}{subsection.6.1.2}% 35
\BOOKMARK [1][-]{section.6.2}{\376\377\0006\000.\0002\000\040\000/\000h\000o\000m\000e\000/\000r\000o\000b\000e\000r\000t\000/\000A\000n\000d\000r\000o\000i\000d\000S\000t\000u\000d\000i\000o\000P\000r\000o\000j\000e\000c\000t\000s\000/\000D\000M\000G\000P\000U\000/\000a\000p\000p\000/\000s\000r\000c\000/\000C\000/\000i\000n\000c\000l\000u\000d\000e\000/\000d\000b\000s\000c\000a\000n\000\137\000c\000.\000h\000\040\000F\000i\000l\000e\000\040\000R\000e\000f\000e\000r\000e\000n\000c\000e}{chapter.6}% 36
\BOOKMARK [2][-]{subsection.6.2.1}{\376\377\0006\000.\0002\000.\0001\000\040\000D\000e\000t\000a\000i\000l\000e\000d\000\040\000D\000e\000s\000c\000r\000i\000p\000t\000i\000o\000n}{section.6.2}% 37
\BOOKMARK [2][-]{subsection.6.2.2}{\376\377\0006\000.\0002\000.\0002\000\040\000F\000u\000n\000c\000t\000i\000o\000n\000\040\000D\000o\000c\000u\000m\000e\000n\000t\000a\000t\000i\000o\000n}{section.6.2}% 38
\BOOKMARK [3][-]{subsubsection.6.2.2.1}{\376\377\0006\000.\0002\000.\0002\000.\0001\000\040\000J\000a\000v\000a\000\137\000c\000o\000m\000\137\000e\000x\000a\000m\000p\000l\000e\000\137\000d\000m\000o\000c\000l\000\137\000d\000b\000s\000c\000a\000n\000\137\000d\000b\000s\000c\000a\000n\000\137\0001\000c\000\050\000\051}{subsection.6.2.2}% 39
\BOOKMARK [3][-]{subsubsection.6.2.2.2}{\376\377\0006\000.\0002\000.\0002\000.\0002\000\040\000J\000a\000v\000a\000\137\000c\000o\000m\000\137\000e\000x\000a\000m\000p\000l\000e\000\137\000d\000m\000o\000c\000l\000\137\000d\000b\000s\000c\000a\000n\000\137\000d\000b\000s\000c\000a\000n\000\137\0001\000c\000\137\0001\000g\000p\000u\000\050\000\051}{subsection.6.2.2}% 40
\BOOKMARK [3][-]{subsubsection.6.2.2.3}{\376\377\0006\000.\0002\000.\0002\000.\0003\000\040\000J\000a\000v\000a\000\137\000c\000o\000m\000\137\000e\000x\000a\000m\000p\000l\000e\000\137\000d\000m\000o\000c\000l\000\137\000d\000b\000s\000c\000a\000n\000\137\000d\000b\000s\000c\000a\000n\000\137\0001\000c\000\137\0001\000p\000h\000t\000r\000e\000a\000d\000s\000\050\000\051}{subsection.6.2.2}% 41
\BOOKMARK [1][-]{section.6.3}{\376\377\0006\000.\0003\000\040\000/\000h\000o\000m\000e\000/\000r\000o\000b\000e\000r\000t\000/\000A\000n\000d\000r\000o\000i\000d\000S\000t\000u\000d\000i\000o\000P\000r\000o\000j\000e\000c\000t\000s\000/\000D\000M\000G\000P\000U\000/\000a\000p\000p\000/\000s\000r\000c\000/\000C\000/\000i\000n\000c\000l\000u\000d\000e\000/\000k\000m\000e\000a\000n\000s\000\137\000c\000.\000h\000\040\000F\000i\000l\000e\000\040\000R\000e\000f\000e\000r\000e\000n\000c\000e}{chapter.6}% 42
\BOOKMARK [2][-]{subsection.6.3.1}{\376\377\0006\000.\0003\000.\0001\000\040\000D\000e\000t\000a\000i\000l\000e\000d\000\040\000D\000e\000s\000c\000r\000i\000p\000t\000i\000o\000n}{section.6.3}% 43
\BOOKMARK [2][-]{subsection.6.3.2}{\376\377\0006\000.\0003\000.\0002\000\040\000F\000u\000n\000c\000t\000i\000o\000n\000\040\000D\000o\000c\000u\000m\000e\000n\000t\000a\000t\000i\000o\000n}{section.6.3}% 44
\BOOKMARK [3][-]{subsubsection.6.3.2.1}{\376\377\0006\000.\0003\000.\0002\000.\0001\000\040\000J\000a\000v\000a\000\137\000c\000o\000m\000\137\000e\000x\000a\000m\000p\000l\000e\000\137\000d\000m\000o\000c\000l\000\137\000k\000m\000e\000a\000n\000s\000\137\000k\000m\000e\000a\000n\000s\000\137\0001\000c\000\050\000\051}{subsection.6.3.2}% 45
\BOOKMARK [3][-]{subsubsection.6.3.2.2}{\376\377\0006\000.\0003\000.\0002\000.\0002\000\040\000J\000a\000v\000a\000\137\000c\000o\000m\000\137\000e\000x\000a\000m\000p\000l\000e\000\137\000d\000m\000o\000c\000l\000\137\000k\000m\000e\000a\000n\000s\000\137\000k\000m\000e\000a\000n\000s\000\137\0001\000c\000\137\0001\000g\000p\000u\000\050\000\051}{subsection.6.3.2}% 46
\BOOKMARK [3][-]{subsubsection.6.3.2.3}{\376\377\0006\000.\0003\000.\0002\000.\0003\000\040\000J\000a\000v\000a\000\137\000c\000o\000m\000\137\000e\000x\000a\000m\000p\000l\000e\000\137\000d\000m\000o\000c\000l\000\137\000k\000m\000e\000a\000n\000s\000\137\000k\000m\000e\000a\000n\000s\000\137\0001\000c\000\137\0001\000p\000h\000t\000r\000e\000a\000d\000s\000\050\000\051}{subsection.6.3.2}% 47
\BOOKMARK [1][-]{section.6.4}{\376\377\0006\000.\0004\000\040\000/\000h\000o\000m\000e\000/\000r\000o\000b\000e\000r\000t\000/\000A\000n\000d\000r\000o\000i\000d\000S\000t\000u\000d\000i\000o\000P\000r\000o\000j\000e\000c\000t\000s\000/\000D\000M\000G\000P\000U\000/\000a\000p\000p\000/\000s\000r\000c\000/\000C\000/\000i\000n\000c\000l\000u\000d\000e\000/\000o\000c\000l\000w\000r\000a\000p\000p\000e\000r\000.\000h\000\040\000F\000i\000l\000e\000\040\000R\000e\000f\000e\000r\000e\000n\000c\000e}{chapter.6}% 48
\BOOKMARK [2][-]{subsection.6.4.1}{\376\377\0006\000.\0004\000.\0001\000\040\000D\000e\000t\000a\000i\000l\000e\000d\000\040\000D\000e\000s\000c\000r\000i\000p\000t\000i\000o\000n}{section.6.4}% 49
\BOOKMARK [2][-]{subsection.6.4.2}{\376\377\0006\000.\0004\000.\0002\000\040\000F\000u\000n\000c\000t\000i\000o\000n\000\040\000D\000o\000c\000u\000m\000e\000n\000t\000a\000t\000i\000o\000n}{section.6.4}% 50
\BOOKMARK [3][-]{subsubsection.6.4.2.1}{\376\377\0006\000.\0004\000.\0002\000.\0001\000\040\000J\000a\000v\000a\000\137\000c\000o\000m\000\137\000e\000x\000a\000m\000p\000l\000e\000\137\000d\000m\000o\000c\000l\000\137\000o\000c\000l\000w\000r\000a\000p\000\137\000A\000n\000d\000r\000C\000L\000G\000e\000t\000D\000e\000v\000i\000c\000e\000C\000n\000t\000\050\000\051}{subsection.6.4.2}% 51
\BOOKMARK [3][-]{subsubsection.6.4.2.2}{\376\377\0006\000.\0004\000.\0002\000.\0002\000\040\000J\000a\000v\000a\000\137\000c\000o\000m\000\137\000e\000x\000a\000m\000p\000l\000e\000\137\000d\000m\000o\000c\000l\000\137\000o\000c\000l\000w\000r\000a\000p\000\137\000A\000n\000d\000r\000C\000L\000g\000e\000t\000D\000e\000v\000i\000c\000e\000N\000a\000m\000e\000\050\000\051}{subsection.6.4.2}% 52
\BOOKMARK [3][-]{subsubsection.6.4.2.3}{\376\377\0006\000.\0004\000.\0002\000.\0003\000\040\000J\000a\000v\000a\000\137\000c\000o\000m\000\137\000e\000x\000a\000m\000p\000l\000e\000\137\000d\000m\000o\000c\000l\000\137\000o\000c\000l\000w\000r\000a\000p\000\137\000A\000n\000d\000r\000C\000L\000G\000e\000t\000P\000l\000a\000t\000f\000o\000r\000m\000C\000n\000t\000\050\000\051}{subsection.6.4.2}% 53
\BOOKMARK [3][-]{subsubsection.6.4.2.4}{\376\377\0006\000.\0004\000.\0002\000.\0004\000\040\000J\000a\000v\000a\000\137\000c\000o\000m\000\137\000e\000x\000a\000m\000p\000l\000e\000\137\000d\000m\000o\000c\000l\000\137\000o\000c\000l\000w\000r\000a\000p\000\137\000g\000e\000t\000A\000r\000c\000h\000i\000t\000e\000c\000t\000u\000r\000e\000\050\000\051}{subsection.6.4.2}% 54
\BOOKMARK [3][-]{subsubsection.6.4.2.5}{\376\377\0006\000.\0004\000.\0002\000.\0005\000\040\000J\000a\000v\000a\000\137\000c\000o\000m\000\137\000e\000x\000a\000m\000p\000l\000e\000\137\000d\000m\000o\000c\000l\000\137\000o\000c\000l\000w\000r\000a\000p\000\137\000g\000e\000t\000C\000L\000m\000a\000j\000\050\000\051}{subsection.6.4.2}% 55
\BOOKMARK [3][-]{subsubsection.6.4.2.6}{\376\377\0006\000.\0004\000.\0002\000.\0006\000\040\000J\000a\000v\000a\000\137\000c\000o\000m\000\137\000e\000x\000a\000m\000p\000l\000e\000\137\000d\000m\000o\000c\000l\000\137\000o\000c\000l\000w\000r\000a\000p\000\137\000g\000e\000t\000C\000L\000m\000i\000n\000\050\000\051}{subsection.6.4.2}% 56
\BOOKMARK [3][-]{subsubsection.6.4.2.7}{\376\377\0006\000.\0004\000.\0002\000.\0007\000\040\000J\000a\000v\000a\000\137\000c\000o\000m\000\137\000e\000x\000a\000m\000p\000l\000e\000\137\000d\000m\000o\000c\000l\000\137\000o\000c\000l\000w\000r\000a\000p\000\137\000g\000e\000t\000C\000L\000p\000a\000t\000c\000h\000\050\000\051}{subsection.6.4.2}% 57
\BOOKMARK [3][-]{subsubsection.6.4.2.8}{\376\377\0006\000.\0004\000.\0002\000.\0008\000\040\000J\000a\000v\000a\000\137\000c\000o\000m\000\137\000e\000x\000a\000m\000p\000l\000e\000\137\000d\000m\000o\000c\000l\000\137\000o\000c\000l\000w\000r\000a\000p\000\137\000i\000s\000C\000L\000a\000n\000g\000\050\000\051}{subsection.6.4.2}% 58
\BOOKMARK [3][-]{subsubsection.6.4.2.9}{\376\377\0006\000.\0004\000.\0002\000.\0009\000\040\000J\000a\000v\000a\000\137\000c\000o\000m\000\137\000e\000x\000a\000m\000p\000l\000e\000\137\000d\000m\000o\000c\000l\000\137\000o\000c\000l\000w\000r\000a\000p\000\137\000l\000o\000a\000d\000O\000p\000e\000n\000C\000L\000\050\000\051}{subsection.6.4.2}% 59
\BOOKMARK [3][-]{subsubsection.6.4.2.10}{\376\377\0006\000.\0004\000.\0002\000.\0001\0000\000\040\000J\000a\000v\000a\000\137\000c\000o\000m\000\137\000e\000x\000a\000m\000p\000l\000e\000\137\000d\000m\000o\000c\000l\000\137\000o\000c\000l\000w\000r\000a\000p\000\137\000u\000n\000l\000o\000a\000d\000O\000p\000e\000n\000C\000L\000\050\000\051}{subsection.6.4.2}% 60
\BOOKMARK [1][-]{section.6.5}{\376\377\0006\000.\0005\000\040\000/\000h\000o\000m\000e\000/\000r\000o\000b\000e\000r\000t\000/\000A\000n\000d\000r\000o\000i\000d\000S\000t\000u\000d\000i\000o\000P\000r\000o\000j\000e\000c\000t\000s\000/\000D\000M\000G\000P\000U\000/\000a\000p\000p\000/\000s\000r\000c\000/\000C\000/\000i\000n\000c\000l\000u\000d\000e\000/\000r\000w\000l\000o\000c\000k\000\137\000w\000p\000.\000h\000\040\000F\000i\000l\000e\000\040\000R\000e\000f\000e\000r\000e\000n\000c\000e}{chapter.6}% 61
\BOOKMARK [2][-]{subsection.6.5.1}{\376\377\0006\000.\0005\000.\0001\000\040\000D\000e\000t\000a\000i\000l\000e\000d\000\040\000D\000e\000s\000c\000r\000i\000p\000t\000i\000o\000n}{section.6.5}% 62
\BOOKMARK [2][-]{subsection.6.5.2}{\376\377\0006\000.\0005\000.\0002\000\040\000F\000u\000n\000c\000t\000i\000o\000n\000\040\000D\000o\000c\000u\000m\000e\000n\000t\000a\000t\000i\000o\000n}{section.6.5}% 63
\BOOKMARK [3][-]{subsubsection.6.5.2.1}{\376\377\0006\000.\0005\000.\0002\000.\0001\000\040\000r\000w\000l\000o\000c\000k\000w\000p\000\137\000r\000e\000a\000d\000e\000r\000\137\000a\000c\000q\000u\000i\000r\000e\000\050\000\051}{subsection.6.5.2}% 64
\BOOKMARK [3][-]{subsubsection.6.5.2.2}{\376\377\0006\000.\0005\000.\0002\000.\0002\000\040\000r\000w\000l\000o\000c\000k\000w\000p\000\137\000r\000e\000a\000d\000e\000r\000\137\000r\000e\000l\000e\000a\000s\000e\000\050\000\051}{subsection.6.5.2}% 65
\BOOKMARK [3][-]{subsubsection.6.5.2.3}{\376\377\0006\000.\0005\000.\0002\000.\0003\000\040\000r\000w\000l\000o\000c\000k\000w\000p\000\137\000w\000r\000i\000t\000e\000r\000\137\000a\000c\000q\000u\000i\000r\000e\000\050\000\051}{subsection.6.5.2}% 66
\BOOKMARK [3][-]{subsubsection.6.5.2.4}{\376\377\0006\000.\0005\000.\0002\000.\0004\000\040\000r\000w\000l\000o\000c\000k\000w\000p\000\137\000w\000r\000i\000t\000e\000r\000\137\000r\000e\000l\000e\000a\000s\000e\000\050\000\051}{subsection.6.5.2}% 67
\BOOKMARK [1][-]{section.6.6}{\376\377\0006\000.\0006\000\040\000/\000h\000o\000m\000e\000/\000r\000o\000b\000e\000r\000t\000/\000A\000n\000d\000r\000o\000i\000d\000S\000t\000u\000d\000i\000o\000P\000r\000o\000j\000e\000c\000t\000s\000/\000D\000M\000G\000P\000U\000/\000a\000p\000p\000/\000s\000r\000c\000/\000C\000/\000s\000o\000u\000r\000c\000e\000/\000o\000c\000l\000w\000r\000a\000p\000p\000e\000r\000.\000c\000\040\000F\000i\000l\000e\000\040\000R\000e\000f\000e\000r\000e\000n\000c\000e}{chapter.6}% 68
\BOOKMARK [2][-]{subsection.6.6.1}{\376\377\0006\000.\0006\000.\0001\000\040\000D\000e\000t\000a\000i\000l\000e\000d\000\040\000D\000e\000s\000c\000r\000i\000p\000t\000i\000o\000n}{section.6.6}% 69
\BOOKMARK [2][-]{subsection.6.6.2}{\376\377\0006\000.\0006\000.\0002\000\040\000F\000u\000n\000c\000t\000i\000o\000n\000\040\000D\000o\000c\000u\000m\000e\000n\000t\000a\000t\000i\000o\000n}{section.6.6}% 70
\BOOKMARK [3][-]{subsubsection.6.6.2.1}{\376\377\0006\000.\0006\000.\0002\000.\0001\000\040\000J\000a\000v\000a\000\137\000c\000o\000m\000\137\000e\000x\000a\000m\000p\000l\000e\000\137\000d\000m\000o\000c\000l\000\137\000o\000c\000l\000w\000r\000a\000p\000\137\000A\000n\000d\000r\000C\000L\000G\000e\000t\000D\000e\000v\000i\000c\000e\000C\000n\000t\000\050\000\051}{subsection.6.6.2}% 71
\BOOKMARK [3][-]{subsubsection.6.6.2.2}{\376\377\0006\000.\0006\000.\0002\000.\0002\000\040\000J\000a\000v\000a\000\137\000c\000o\000m\000\137\000e\000x\000a\000m\000p\000l\000e\000\137\000d\000m\000o\000c\000l\000\137\000o\000c\000l\000w\000r\000a\000p\000\137\000A\000n\000d\000r\000C\000L\000g\000e\000t\000D\000e\000v\000i\000c\000e\000N\000a\000m\000e\000\050\000\051}{subsection.6.6.2}% 72
\BOOKMARK [3][-]{subsubsection.6.6.2.3}{\376\377\0006\000.\0006\000.\0002\000.\0003\000\040\000J\000a\000v\000a\000\137\000c\000o\000m\000\137\000e\000x\000a\000m\000p\000l\000e\000\137\000d\000m\000o\000c\000l\000\137\000o\000c\000l\000w\000r\000a\000p\000\137\000A\000n\000d\000r\000C\000L\000G\000e\000t\000P\000l\000a\000t\000f\000o\000r\000m\000C\000n\000t\000\050\000\051}{subsection.6.6.2}% 73
\BOOKMARK [3][-]{subsubsection.6.6.2.4}{\376\377\0006\000.\0006\000.\0002\000.\0004\000\040\000J\000a\000v\000a\000\137\000c\000o\000m\000\137\000e\000x\000a\000m\000p\000l\000e\000\137\000d\000m\000o\000c\000l\000\137\000o\000c\000l\000w\000r\000a\000p\000\137\000g\000e\000t\000A\000r\000c\000h\000i\000t\000e\000c\000t\000u\000r\000e\000\050\000\051}{subsection.6.6.2}% 74
\BOOKMARK [3][-]{subsubsection.6.6.2.5}{\376\377\0006\000.\0006\000.\0002\000.\0005\000\040\000J\000a\000v\000a\000\137\000c\000o\000m\000\137\000e\000x\000a\000m\000p\000l\000e\000\137\000d\000m\000o\000c\000l\000\137\000o\000c\000l\000w\000r\000a\000p\000\137\000g\000e\000t\000C\000L\000m\000a\000j\000\050\000\051}{subsection.6.6.2}% 75
\BOOKMARK [3][-]{subsubsection.6.6.2.6}{\376\377\0006\000.\0006\000.\0002\000.\0006\000\040\000J\000a\000v\000a\000\137\000c\000o\000m\000\137\000e\000x\000a\000m\000p\000l\000e\000\137\000d\000m\000o\000c\000l\000\137\000o\000c\000l\000w\000r\000a\000p\000\137\000g\000e\000t\000C\000L\000m\000i\000n\000\050\000\051}{subsection.6.6.2}% 76
\BOOKMARK [3][-]{subsubsection.6.6.2.7}{\376\377\0006\000.\0006\000.\0002\000.\0007\000\040\000J\000a\000v\000a\000\137\000c\000o\000m\000\137\000e\000x\000a\000m\000p\000l\000e\000\137\000d\000m\000o\000c\000l\000\137\000o\000c\000l\000w\000r\000a\000p\000\137\000g\000e\000t\000C\000L\000p\000a\000t\000c\000h\000\050\000\051}{subsection.6.6.2}% 77
\BOOKMARK [3][-]{subsubsection.6.6.2.8}{\376\377\0006\000.\0006\000.\0002\000.\0008\000\040\000J\000a\000v\000a\000\137\000c\000o\000m\000\137\000e\000x\000a\000m\000p\000l\000e\000\137\000d\000m\000o\000c\000l\000\137\000o\000c\000l\000w\000r\000a\000p\000\137\000i\000s\000C\000L\000a\000n\000g\000\050\000\051}{subsection.6.6.2}% 78
\BOOKMARK [3][-]{subsubsection.6.6.2.9}{\376\377\0006\000.\0006\000.\0002\000.\0009\000\040\000J\000a\000v\000a\000\137\000c\000o\000m\000\137\000e\000x\000a\000m\000p\000l\000e\000\137\000d\000m\000o\000c\000l\000\137\000o\000c\000l\000w\000r\000a\000p\000\137\000l\000o\000a\000d\000O\000p\000e\000n\000C\000L\000\050\000\051}{subsection.6.6.2}% 79
\BOOKMARK [3][-]{subsubsection.6.6.2.10}{\376\377\0006\000.\0006\000.\0002\000.\0001\0000\000\040\000J\000a\000v\000a\000\137\000c\000o\000m\000\137\000e\000x\000a\000m\000p\000l\000e\000\137\000d\000m\000o\000c\000l\000\137\000o\000c\000l\000w\000r\000a\000p\000\137\000u\000n\000l\000o\000a\000d\000O\000p\000e\000n\000C\000L\000\050\000\051}{subsection.6.6.2}% 80
\BOOKMARK [1][-]{section.6.7}{\376\377\0006\000.\0007\000\040\000/\000h\000o\000m\000e\000/\000r\000o\000b\000e\000r\000t\000/\000A\000n\000d\000r\000o\000i\000d\000S\000t\000u\000d\000i\000o\000P\000r\000o\000j\000e\000c\000t\000s\000/\000D\000M\000G\000P\000U\000/\000a\000p\000p\000/\000s\000r\000c\000/\000C\000/\000s\000o\000u\000r\000c\000e\000/\000O\000p\000e\000n\000C\000L\000.\000c\000\040\000F\000i\000l\000e\000\040\000R\000e\000f\000e\000r\000e\000n\000c\000e}{chapter.6}% 81
\BOOKMARK [2][-]{subsection.6.7.1}{\376\377\0006\000.\0007\000.\0001\000\040\000D\000e\000t\000a\000i\000l\000e\000d\000\040\000D\000e\000s\000c\000r\000i\000p\000t\000i\000o\000n}{section.6.7}% 82
\BOOKMARK [2][-]{subsection.6.7.2}{\376\377\0006\000.\0007\000.\0002\000\040\000M\000a\000c\000r\000o\000\040\000D\000e\000f\000i\000n\000i\000t\000i\000o\000n\000\040\000D\000o\000c\000u\000m\000e\000n\000t\000a\000t\000i\000o\000n}{section.6.7}% 83
\BOOKMARK [3][-]{subsubsection.6.7.2.1}{\376\377\0006\000.\0007\000.\0002\000.\0001\000\040\000S\000A\000V\000E\000C\000H\000E\000C\000K\000E\000R}{subsection.6.7.2}% 84
\BOOKMARK [3][-]{subsubsection.6.7.2.2}{\376\377\0006\000.\0007\000.\0002\000.\0002\000\040\000W\000R\000A\000P\000P\000E\000R\000C\000L\000F\000U\000N\000C\000T}{subsection.6.7.2}% 85
\BOOKMARK [2][-]{subsection.6.7.3}{\376\377\0006\000.\0007\000.\0003\000\040\000F\000u\000n\000c\000t\000i\000o\000n\000\040\000D\000o\000c\000u\000m\000e\000n\000t\000a\000t\000i\000o\000n}{section.6.7}% 86
\BOOKMARK [3][-]{subsubsection.6.7.3.1}{\376\377\0006\000.\0007\000.\0003\000.\0001\000\040\000l\000o\000a\000d\000O\000p\000e\000n\000C\000L\000\050\000\051}{subsection.6.7.3}% 87
\BOOKMARK [3][-]{subsubsection.6.7.3.2}{\376\377\0006\000.\0007\000.\0003\000.\0002\000\040\000u\000n\000l\000o\000a\000d\000O\000p\000e\000n\000C\000L\000\050\000\051}{subsection.6.7.3}% 88
\BOOKMARK [2][-]{subsection.6.7.4}{\376\377\0006\000.\0007\000.\0004\000\040\000V\000a\000r\000i\000a\000b\000l\000e\000\040\000D\000o\000c\000u\000m\000e\000n\000t\000a\000t\000i\000o\000n}{section.6.7}% 89
\BOOKMARK [3][-]{subsubsection.6.7.4.1}{\376\377\0006\000.\0007\000.\0004\000.\0001\000\040\000c\000l\000\137\000w\000r\000a\000p\000\137\000c\000a\000l\000l}{subsection.6.7.4}% 90
\BOOKMARK [3][-]{subsubsection.6.7.4.2}{\376\377\0006\000.\0007\000.\0004\000.\0002\000\040\000d\000l\000c\000a\000l\000l}{subsection.6.7.4}% 91
\BOOKMARK [3][-]{subsubsection.6.7.4.3}{\376\377\0006\000.\0007\000.\0004\000.\0003\000\040\000d\000l\000l\000o\000c\000k}{subsection.6.7.4}% 92
\BOOKMARK [3][-]{subsubsection.6.7.4.4}{\376\377\0006\000.\0007\000.\0004\000.\0004\000\040\000l\000o\000c\000k}{subsection.6.7.4}% 93
\BOOKMARK [1][-]{section.6.8}{\376\377\0006\000.\0008\000\040\000/\000h\000o\000m\000e\000/\000r\000o\000b\000e\000r\000t\000/\000A\000n\000d\000r\000o\000i\000d\000S\000t\000u\000d\000i\000o\000P\000r\000o\000j\000e\000c\000t\000s\000/\000D\000M\000G\000P\000U\000/\000a\000p\000p\000/\000s\000r\000c\000/\000C\000/\000s\000o\000u\000r\000c\000e\000/\000r\000w\000l\000o\000c\000k\000\137\000w\000p\000.\000c\000\040\000F\000i\000l\000e\000\040\000R\000e\000f\000e\000r\000e\000n\000c\000e}{chapter.6}% 94
\BOOKMARK [2][-]{subsection.6.8.1}{\376\377\0006\000.\0008\000.\0001\000\040\000D\000e\000t\000a\000i\000l\000e\000d\000\040\000D\000e\000s\000c\000r\000i\000p\000t\000i\000o\000n}{section.6.8}% 95
\BOOKMARK [2][-]{subsection.6.8.2}{\376\377\0006\000.\0008\000.\0002\000\040\000F\000u\000n\000c\000t\000i\000o\000n\000\040\000D\000o\000c\000u\000m\000e\000n\000t\000a\000t\000i\000o\000n}{section.6.8}% 96
\BOOKMARK [3][-]{subsubsection.6.8.2.1}{\376\377\0006\000.\0008\000.\0002\000.\0001\000\040\000r\000w\000l\000o\000c\000k\000w\000p\000\137\000r\000e\000a\000d\000e\000r\000\137\000a\000c\000q\000u\000i\000r\000e\000\050\000\051}{subsection.6.8.2}% 97
\BOOKMARK [3][-]{subsubsection.6.8.2.2}{\376\377\0006\000.\0008\000.\0002\000.\0002\000\040\000r\000w\000l\000o\000c\000k\000w\000p\000\137\000r\000e\000a\000d\000e\000r\000\137\000r\000e\000l\000e\000a\000s\000e\000\050\000\051}{subsection.6.8.2}% 98
\BOOKMARK [3][-]{subsubsection.6.8.2.3}{\376\377\0006\000.\0008\000.\0002\000.\0003\000\040\000r\000w\000l\000o\000c\000k\000w\000p\000\137\000w\000r\000i\000t\000e\000r\000\137\000a\000c\000q\000u\000i\000r\000e\000\050\000\051}{subsection.6.8.2}% 99
\BOOKMARK [3][-]{subsubsection.6.8.2.4}{\376\377\0006\000.\0008\000.\0002\000.\0004\000\040\000r\000w\000l\000o\000c\000k\000w\000p\000\137\000w\000r\000i\000t\000e\000r\000\137\000r\000e\000l\000e\000a\000s\000e\000\050\000\051}{subsection.6.8.2}% 100
\BOOKMARK [0][-]{section*.47}{\376\377\000I\000n\000d\000e\000x}{}% 101
